#
# There is insufficient memory for the Java Runtime Environment to continue.
# Native memory allocation (mmap) failed to map 1258291200 bytes for committing reserved memory.
# Possible reasons:
#   The system is out of physical RAM or swap space
#   In 32 bit mode, the process size limit was hit
# Possible solutions:
#   Reduce memory load on the system
#   Increase physical memory or swap space
#   Check if swap backing store is full
#   Use 64 bit Java on a 64 bit OS
#   Decrease Java heap size (-Xmx/-Xms)
#   Decrease number of Java threads
#   Decrease Java thread stack sizes (-Xss)
#   Set larger code cache with -XX:ReservedCodeCacheSize=
# This output file may be truncated or incomplete.
#
#  Out of Memory Error (os_linux.cpp:2718), pid=6950, tid=139841201501952
#
# JRE version:  (8.0_05-b13) (build )
# Java VM: Java HotSpot(TM) 64-Bit Server VM (25.5-b02 mixed mode linux-amd64 compressed oops)
# Failed to write core dump. Core dumps have been disabled. To enable core dumping, try "ulimit -c unlimited" before starting Java again
#

---------------  T H R E A D  ---------------

Current thread (0x00007f2f4800a000):  JavaThread "Unknown thread" [_thread_in_vm, id=6953, stack(0x00007f2f5113f000,0x00007f2f51240000)]

Stack: [0x00007f2f5113f000,0x00007f2f51240000],  sp=0x00007f2f5123e430,  free space=1021k
Native frames: (J=compiled Java code, j=interpreted, Vv=VM code, C=native code)
V  [libjvm.so+0xa2f43a]  VMError::report_and_die()+0x2ca
V  [libjvm.so+0x4b2d5b]  report_vm_out_of_memory(char const*, int, unsigned long, VMErrorType, char const*)+0x8b
V  [libjvm.so+0x89e443]  os::Linux::commit_memory_impl(char*, unsigned long, bool)+0x103
V  [libjvm.so+0x89e999]  os::pd_commit_memory(char*, unsigned long, unsigned long, bool)+0x29
V  [libjvm.so+0x89863a]  os::commit_memory(char*, unsigned long, unsigned long, bool)+0x2a
V  [libjvm.so+0x909243]  PSVirtualSpace::expand_by(unsigned long)+0x53
V  [libjvm.so+0x8f9819]  PSOldGen::initialize(ReservedSpace, unsigned long, char const*, int)+0xb9
V  [libjvm.so+0x2a5016]  AdjoiningGenerations::AdjoiningGenerations(ReservedSpace, GenerationSizer*, unsigned long)+0x3a6
V  [libjvm.so+0x8bf5ce]  ParallelScavengeHeap::initialize()+0x1ae
V  [libjvm.so+0x9fd783]  Universe::initialize_heap()+0xe3
V  [libjvm.so+0x9fdbc4]  universe_init()+0x64
V  [libjvm.so+0x5d45c5]  init_globals()+0x65
V  [libjvm.so+0x9e44ad]  Threads::create_vm(JavaVMInitArgs*, bool*)+0x24d
V  [libjvm.so+0x6659f4]  JNI_CreateJavaVM+0x74
C  [libjli.so+0x703e]  JavaMain+0x9e


---------------  P R O C E S S  ---------------

Java Threads: ( => current thread )

Other Threads:

=>0x00007f2f4800a000 (exited) JavaThread "Unknown thread" [_thread_in_vm, id=6953, stack(0x00007f2f5113f000,0x00007f2f51240000)]

VM state:not at safepoint (not fully initialized)

VM Mutex/Monitor currently owned by a thread: None

GC Heap History (0 events):
No events

Deoptimization events (0 events):
No events

Internal exceptions (0 events):
No events

Events (0 events):
No events


Dynamic libraries:
00400000-00401000 r-xp 00000000 08:01 793053                             /home/brad/jdk1.8.0_05/bin/java
00600000-00601000 rw-p 00000000 08:01 793053                             /home/brad/jdk1.8.0_05/bin/java
0159e000-015bf000 rw-p 00000000 00:00 0                                  [heap]
da800000-da980000 rw-p 00000000 00:00 0 
da980000-100000000 ---p 00000000 00:00 0 
7f2f39000000-7f2f39270000 rwxp 00000000 00:00 0 
7f2f39270000-7f2f48000000 ---p 00000000 00:00 0 
7f2f48000000-7f2f48027000 rw-p 00000000 00:00 0 
7f2f48027000-7f2f4c000000 ---p 00000000 00:00 0 
7f2f4d9d1000-7f2f4dc39000 rw-p 00000000 00:00 0 
7f2f4dc39000-7f2f4de91000 ---p 00000000 00:00 0 
7f2f4de91000-7f2f4de92000 rw-p 00000000 00:00 0 
7f2f4de92000-7f2f4dfbd000 ---p 00000000 00:00 0 
7f2f4dfbd000-7f2f4dfc8000 rw-p 00000000 00:00 0 
7f2f4dfc8000-7f2f4e37e000 ---p 00000000 00:00 0 
7f2f4e37e000-7f2f4e39a000 r-xp 00000000 08:01 1050219                    /home/brad/jdk1.8.0_05/jre/lib/amd64/libzip.so
7f2f4e39a000-7f2f4e599000 ---p 0001c000 08:01 1050219                    /home/brad/jdk1.8.0_05/jre/lib/amd64/libzip.so
7f2f4e599000-7f2f4e59a000 rw-p 0001b000 08:01 1050219                    /home/brad/jdk1.8.0_05/jre/lib/amd64/libzip.so
7f2f4e59a000-7f2f4e5a5000 r-xp 00000000 08:01 1049771                    /lib/x86_64-linux-gnu/libnss_files-2.24.so
7f2f4e5a5000-7f2f4e7a4000 ---p 0000b000 08:01 1049771                    /lib/x86_64-linux-gnu/libnss_files-2.24.so
7f2f4e7a4000-7f2f4e7a5000 r--p 0000a000 08:01 1049771                    /lib/x86_64-linux-gnu/libnss_files-2.24.so
7f2f4e7a5000-7f2f4e7a6000 rw-p 0000b000 08:01 1049771                    /lib/x86_64-linux-gnu/libnss_files-2.24.so
7f2f4e7a6000-7f2f4e7ac000 rw-p 00000000 00:00 0 
7f2f4e7ac000-7f2f4e7b7000 r-xp 00000000 08:01 1049827                    /lib/x86_64-linux-gnu/libnss_nis-2.24.so
7f2f4e7b7000-7f2f4e9b6000 ---p 0000b000 08:01 1049827                    /lib/x86_64-linux-gnu/libnss_nis-2.24.so
7f2f4e9b6000-7f2f4e9b7000 r--p 0000a000 08:01 1049827                    /lib/x86_64-linux-gnu/libnss_nis-2.24.so
7f2f4e9b7000-7f2f4e9b8000 rw-p 0000b000 08:01 1049827                    /lib/x86_64-linux-gnu/libnss_nis-2.24.so
7f2f4e9b8000-7f2f4e9ce000 r-xp 00000000 08:01 1049761                    /lib/x86_64-linux-gnu/libnsl-2.24.so
7f2f4e9ce000-7f2f4ebcd000 ---p 00016000 08:01 1049761                    /lib/x86_64-linux-gnu/libnsl-2.24.so
7f2f4ebcd000-7f2f4ebce000 r--p 00015000 08:01 1049761                    /lib/x86_64-linux-gnu/libnsl-2.24.so
7f2f4ebce000-7f2f4ebcf000 rw-p 00016000 08:01 1049761                    /lib/x86_64-linux-gnu/libnsl-2.24.so
7f2f4ebcf000-7f2f4ebd1000 rw-p 00000000 00:00 0 
7f2f4ebd1000-7f2f4ebd9000 r-xp 00000000 08:01 1049762                    /lib/x86_64-linux-gnu/libnss_compat-2.24.so
7f2f4ebd9000-7f2f4edd8000 ---p 00008000 08:01 1049762                    /lib/x86_64-linux-gnu/libnss_compat-2.24.so
7f2f4edd8000-7f2f4edd9000 r--p 00007000 08:01 1049762                    /lib/x86_64-linux-gnu/libnss_compat-2.24.so
7f2f4edd9000-7f2f4edda000 rw-p 00008000 08:01 1049762                    /lib/x86_64-linux-gnu/libnss_compat-2.24.so
7f2f4edda000-7f2f4ee04000 r-xp 00000000 08:01 1050214                    /home/brad/jdk1.8.0_05/jre/lib/amd64/libjava.so
7f2f4ee04000-7f2f4f004000 ---p 0002a000 08:01 1050214                    /home/brad/jdk1.8.0_05/jre/lib/amd64/libjava.so
7f2f4f004000-7f2f4f006000 rw-p 0002a000 08:01 1050214                    /home/brad/jdk1.8.0_05/jre/lib/amd64/libjava.so
7f2f4f006000-7f2f4f013000 r-xp 00000000 08:01 1050218                    /home/brad/jdk1.8.0_05/jre/lib/amd64/libverify.so
7f2f4f013000-7f2f4f213000 ---p 0000d000 08:01 1050218                    /home/brad/jdk1.8.0_05/jre/lib/amd64/libverify.so
7f2f4f213000-7f2f4f215000 rw-p 0000d000 08:01 1050218                    /home/brad/jdk1.8.0_05/jre/lib/amd64/libverify.so
7f2f4f215000-7f2f4f21c000 r-xp 00000000 08:01 1049859                    /lib/x86_64-linux-gnu/librt-2.24.so
7f2f4f21c000-7f2f4f41b000 ---p 00007000 08:01 1049859                    /lib/x86_64-linux-gnu/librt-2.24.so
7f2f4f41b000-7f2f4f41c000 r--p 00006000 08:01 1049859                    /lib/x86_64-linux-gnu/librt-2.24.so
7f2f4f41c000-7f2f4f41d000 rw-p 00007000 08:01 1049859                    /lib/x86_64-linux-gnu/librt-2.24.so
7f2f4f41d000-7f2f4f525000 r-xp 00000000 08:01 1049745                    /lib/x86_64-linux-gnu/libm-2.24.so
7f2f4f525000-7f2f4f724000 ---p 00108000 08:01 1049745                    /lib/x86_64-linux-gnu/libm-2.24.so
7f2f4f724000-7f2f4f725000 r--p 00107000 08:01 1049745                    /lib/x86_64-linux-gnu/libm-2.24.so
7f2f4f725000-7f2f4f726000 rw-p 00108000 08:01 1049745                    /lib/x86_64-linux-gnu/libm-2.24.so
7f2f4f726000-7f2f50340000 r-xp 00000000 08:01 1049336                    /home/brad/jdk1.8.0_05/jre/lib/amd64/server/libjvm.so
7f2f50340000-7f2f5053f000 ---p 00c1a000 08:01 1049336                    /home/brad/jdk1.8.0_05/jre/lib/amd64/server/libjvm.so
7f2f5053f000-7f2f50608000 rw-p 00c19000 08:01 1049336                    /home/brad/jdk1.8.0_05/jre/lib/amd64/server/libjvm.so
7f2f50608000-7f2f50649000 rw-p 00000000 00:00 0 
7f2f50649000-7f2f50807000 r-xp 00000000 08:01 1049657                    /lib/x86_64-linux-gnu/libc-2.24.so
7f2f50807000-7f2f50a06000 ---p 001be000 08:01 1049657                    /lib/x86_64-linux-gnu/libc-2.24.so
7f2f50a06000-7f2f50a0a000 r--p 001bd000 08:01 1049657                    /lib/x86_64-linux-gnu/libc-2.24.so
7f2f50a0a000-7f2f50a0c000 rw-p 001c1000 08:01 1049657                    /lib/x86_64-linux-gnu/libc-2.24.so
7f2f50a0c000-7f2f50a10000 rw-p 00000000 00:00 0 
7f2f50a10000-7f2f50a13000 r-xp 00000000 08:01 1049744                    /lib/x86_64-linux-gnu/libdl-2.24.so
7f2f50a13000-7f2f50c12000 ---p 00003000 08:01 1049744                    /lib/x86_64-linux-gnu/libdl-2.24.so
7f2f50c12000-7f2f50c13000 r--p 00002000 08:01 1049744                    /lib/x86_64-linux-gnu/libdl-2.24.so
7f2f50c13000-7f2f50c14000 rw-p 00003000 08:01 1049744                    /lib/x86_64-linux-gnu/libdl-2.24.so
7f2f50c14000-7f2f50c2b000 r-xp 00000000 08:01 1048988                    /home/brad/jdk1.8.0_05/lib/amd64/jli/libjli.so
7f2f50c2b000-7f2f50e2a000 ---p 00017000 08:01 1048988                    /home/brad/jdk1.8.0_05/lib/amd64/jli/libjli.so
7f2f50e2a000-7f2f50e2b000 rw-p 00016000 08:01 1048988                    /home/brad/jdk1.8.0_05/lib/amd64/jli/libjli.so
7f2f50e2b000-7f2f50e43000 r-xp 00000000 08:01 1049849                    /lib/x86_64-linux-gnu/libpthread-2.24.so
7f2f50e43000-7f2f51043000 ---p 00018000 08:01 1049849                    /lib/x86_64-linux-gnu/libpthread-2.24.so
7f2f51043000-7f2f51044000 r--p 00018000 08:01 1049849                    /lib/x86_64-linux-gnu/libpthread-2.24.so
7f2f51044000-7f2f51045000 rw-p 00019000 08:01 1049849                    /lib/x86_64-linux-gnu/libpthread-2.24.so
7f2f51045000-7f2f51049000 rw-p 00000000 00:00 0 
7f2f51049000-7f2f5106f000 r-xp 00000000 08:01 1049606                    /lib/x86_64-linux-gnu/ld-2.24.so
7f2f5113f000-7f2f51142000 ---p 00000000 00:00 0 
7f2f51142000-7f2f51242000 rw-p 00000000 00:00 0 
7f2f51261000-7f2f51269000 rw-s 00000000 08:01 8000180                    /tmp/hsperfdata_brad/6950
7f2f51269000-7f2f5126a000 rw-p 00000000 00:00 0 
7f2f5126a000-7f2f5126b000 r--p 00000000 00:00 0 
7f2f5126b000-7f2f5126e000 rw-p 00000000 00:00 0 
7f2f5126e000-7f2f5126f000 r--p 00025000 08:01 1049606                    /lib/x86_64-linux-gnu/ld-2.24.so
7f2f5126f000-7f2f51270000 rw-p 00026000 08:01 1049606                    /lib/x86_64-linux-gnu/ld-2.24.so
7f2f51270000-7f2f51271000 rw-p 00000000 00:00 0 
7ffd27428000-7ffd27449000 rw-p 00000000 00:00 0                          [stack]
7ffd27450000-7ffd27452000 r--p 00000000 00:00 0                          [vvar]
7ffd27452000-7ffd27454000 r-xp 00000000 00:00 0                          [vdso]
ffffffffff600000-ffffffffff601000 r-xp 00000000 00:00 0                  [vsyscall]

VM Arguments:
jvm_args: -Xms1700m -Xmx1800m -Dclassworlds.conf=/home/brad/netbeans-8.0/java/maven/bin/m2.conf -Dmaven.home=/home/brad/netbeans-8.0/java/maven 
java_command: org.codehaus.plexus.classworlds.launcher.Launcher -Dmaven.ext.class.path=/home/brad/netbeans-8.0/java/maven-nblib/netbeans-eventspy.jar install
java_class_path (initial): /home/brad/netbeans-8.0/java/maven/boot/plexus-classworlds-2.4.jar
Launcher Type: SUN_STANDARD

Environment Variables:
JAVA_HOME=/home/brad/jdk1.8.0_05
PATH=/usr/local/sbin:/usr/local/bin:/usr/sbin:/usr/bin:/sbin:/bin:/usr/games:/usr/local/games:/snap/bin
LD_LIBRARY_PATH=/home/brad/jdk1.8.0_05/jre/lib/amd64:/home/brad/jdk1.8.0_05/jre/lib/i386:
SHELL=/bin/bash
DISPLAY=:0

Signal Handlers:
SIGSEGV: [libjvm.so+0xa2fc90], sa_mask[0]=0x7ffbfeff, sa_flags=0x10000004
SIGBUS: [libjvm.so+0xa2fc90], sa_mask[0]=0x7ffbfeff, sa_flags=0x10000004
SIGFPE: [libjvm.so+0x89b4b0], sa_mask[0]=0x7ffbfeff, sa_flags=0x10000004
SIGPIPE: [libjvm.so+0x89b4b0], sa_mask[0]=0x7ffbfeff, sa_flags=0x10000004
SIGXFSZ: [libjvm.so+0x89b4b0], sa_mask[0]=0x7ffbfeff, sa_flags=0x10000004
SIGILL: [libjvm.so+0x89b4b0], sa_mask[0]=0x7ffbfeff, sa_flags=0x10000004
SIGUSR1: SIG_DFL, sa_mask[0]=0x00000000, sa_flags=0x00000000
SIGUSR2: [libjvm.so+0x89cc50], sa_mask[0]=0x00000004, sa_flags=0x10000004
SIGHUP: SIG_DFL, sa_mask[0]=0x00000000, sa_flags=0x00000000
SIGINT: SIG_IGN, sa_mask[0]=0x00000000, sa_flags=0x00000000
SIGTERM: SIG_DFL, sa_mask[0]=0x00000000, sa_flags=0x00000000
SIGQUIT: SIG_DFL, sa_mask[0]=0x00000000, sa_flags=0x00000000


---------------  S Y S T E M  ---------------

OS:DISTRIB_ID=Ubuntu
DISTRIB_RELEASE=17.04
DISTRIB_CODENAME=zesty
DISTRIB_DESCRIPTION="Ubuntu 17.04"

uname:Linux 4.10.0-28-generic #32-Ubuntu SMP Fri Jun 30 05:32:18 UTC 2017 x86_64
libc:glibc 2.24 NPTL 2.24 
rlimit: STACK 8192k, CORE 0k, NPROC 31433, NOFILE 4096, AS infinity
load average:0.49 0.52 0.78

/proc/meminfo:
MemTotal:        8094336 kB
MemFree:          121832 kB
MemAvailable:     516968 kB
Buffers:          181004 kB
Cached:           832132 kB
SwapCached:        30044 kB
Active:          6236744 kB
Inactive:        1247080 kB
Active(anon):    5844392 kB
Inactive(anon):  1080520 kB
Active(file):     392352 kB
Inactive(file):   166560 kB
Unevictable:         496 kB
Mlocked:             496 kB
SwapTotal:       4194300 kB
SwapFree:         132280 kB
Dirty:               224 kB
Writeback:             0 kB
AnonPages:       6445112 kB
Mapped:           448996 kB
Shmem:            454052 kB
Slab:             264620 kB
SReclaimable:     111160 kB
SUnreclaim:       153460 kB
KernelStack:       28608 kB
PageTables:        93644 kB
NFS_Unstable:          0 kB
Bounce:                0 kB
WritebackTmp:          0 kB
CommitLimit:     8241468 kB
Committed_AS:   20048504 kB
VmallocTotal:   34359738367 kB
VmallocUsed:           0 kB
VmallocChunk:          0 kB
HardwareCorrupted:     0 kB
AnonHugePages:   1730560 kB
ShmemHugePages:        0 kB
ShmemPmdMapped:        0 kB
CmaTotal:              0 kB
CmaFree:               0 kB
HugePages_Total:       0
HugePages_Free:        0
HugePages_Rsvd:        0
HugePages_Surp:        0
Hugepagesize:       2048 kB
DirectMap4k:      464352 kB
DirectMap2M:     7845888 kB
DirectMap1G:     1048576 kB


CPU:total 8 (4 cores per cpu, 2 threads per core) family 6 model 70 stepping 1, cmov, cx8, fxsr, mmx, sse, sse2, sse3, ssse3, sse4.1, sse4.2, popcnt, avx, avx2, aes, clmul, erms, ht, tsc, tscinvbit

/proc/cpuinfo:
processor	: 0
vendor_id	: GenuineIntel
cpu family	: 6
model		: 70
model name	: Intel(R) Core(TM) i7-4750HQ CPU @ 2.00GHz
stepping	: 1
microcode	: 0xa
cpu MHz		: 2352.661
cache size	: 6144 KB
physical id	: 0
siblings	: 8
core id		: 0
cpu cores	: 4
apicid		: 0
initial apicid	: 0
fpu		: yes
fpu_exception	: yes
cpuid level	: 13
wp		: yes
flags		: fpu vme de pse tsc msr pae mce cx8 apic sep mtrr pge mca cmov pat pse36 clflush dts acpi mmx fxsr sse sse2 ss ht tm pbe syscall nx pdpe1gb rdtscp lm constant_tsc arch_perfmon pebs bts rep_good nopl xtopology nonstop_tsc aperfmperf pni pclmulqdq dtes64 monitor ds_cpl vmx est tm2 ssse3 sdbg fma cx16 xtpr pdcm pcid sse4_1 sse4_2 x2apic movbe popcnt tsc_deadline_timer aes xsave avx f16c rdrand lahf_lm abm epb tpr_shadow vnmi flexpriority ept vpid fsgsbase tsc_adjust bmi1 avx2 smep bmi2 erms invpcid xsaveopt dtherm ida arat pln pts
bugs		:
bogomips	: 3990.98
clflush size	: 64
cache_alignment	: 64
address sizes	: 39 bits physical, 48 bits virtual
power management:

processor	: 1
vendor_id	: GenuineIntel
cpu family	: 6
model		: 70
model name	: Intel(R) Core(TM) i7-4750HQ CPU @ 2.00GHz
stepping	: 1
microcode	: 0xa
cpu MHz		: 2217.773
cache size	: 6144 KB
physical id	: 0
siblings	: 8
core id		: 1
cpu cores	: 4
apicid		: 2
initial apicid	: 2
fpu		: yes
fpu_exception	: yes
cpuid level	: 13
wp		: yes
flags		: fpu vme de pse tsc msr pae mce cx8 apic sep mtrr pge mca cmov pat pse36 clflush dts acpi mmx fxsr sse sse2 ss ht tm pbe syscall nx pdpe1gb rdtscp lm constant_tsc arch_perfmon pebs bts rep_good nopl xtopology nonstop_tsc aperfmperf pni pclmulqdq dtes64 monitor ds_cpl vmx est tm2 ssse3 sdbg fma cx16 xtpr pdcm pcid sse4_1 sse4_2 x2apic movbe popcnt tsc_deadline_timer aes xsave avx f16c rdrand lahf_lm abm epb tpr_shadow vnmi flexpriority ept vpid fsgsbase tsc_adjust bmi1 avx2 smep bmi2 erms invpcid xsaveopt dtherm ida arat pln pts
bugs		:
bogomips	: 3990.98
clflush size	: 64
cache_alignment	: 64
address sizes	: 39 bits physical, 48 bits virtual
power management:

processor	: 2
vendor_id	: GenuineIntel
cpu family	: 6
model		: 70
model name	: Intel(R) Core(TM) i7-4750HQ CPU @ 2.00GHz
stepping	: 1
microcode	: 0xa
cpu MHz		: 2131.469
cache size	: 6144 KB
physical id	: 0
siblings	: 8
core id		: 2
cpu cores	: 4
apicid		: 4
initial apicid	: 4
fpu		: yes
fpu_exception	: yes
cpuid level	: 13
wp		: yes
flags		: fpu vme de pse tsc msr pae mce cx8 apic sep mtrr pge mca cmov pat pse36 clflush dts acpi mmx fxsr sse sse2 ss ht tm pbe syscall nx pdpe1gb rdtscp lm constant_tsc arch_perfmon pebs bts rep_good nopl xtopology nonstop_tsc aperfmperf pni pclmulqdq dtes64 monitor ds_cpl vmx est tm2 ssse3 sdbg fma cx16 xtpr pdcm pcid sse4_1 sse4_2 x2apic movbe popcnt tsc_deadline_timer aes xsave avx f16c rdrand lahf_lm abm epb tpr_shadow vnmi flexpriority ept vpid fsgsbase tsc_adjust bmi1 avx2 smep bmi2 erms invpcid xsaveopt dtherm ida arat pln pts
bugs		:
bogomips	: 3990.98
clflush size	: 64
cache_alignment	: 64
address sizes	: 39 bits physical, 48 bits virtual
power management:

processor	: 3
vendor_id	: GenuineIntel
cpu family	: 6
model		: 70
model name	: Intel(R) Core(TM) i7-4750HQ CPU @ 2.00GHz
stepping	: 1
microcode	: 0xa
cpu MHz		: 2260.009
cache size	: 6144 KB
physical id	: 0
siblings	: 8
core id		: 3
cpu cores	: 4
apicid		: 6
initial apicid	: 6
fpu		: yes
fpu_exception	: yes
cpuid level	: 13
wp		: yes
flags		: fpu vme de pse tsc msr pae mce cx8 apic sep mtrr pge mca cmov pat pse36 clflush dts acpi mmx fxsr sse sse2 ss ht tm pbe syscall nx pdpe1gb rdtscp lm constant_tsc arch_perfmon pebs bts rep_good nopl xtopology nonstop_tsc aperfmperf pni pclmulqdq dtes64 monitor ds_cpl vmx est tm2 ssse3 sdbg fma cx16 xtpr pdcm pcid sse4_1 sse4_2 x2apic movbe popcnt tsc_deadline_timer aes xsave avx f16c rdrand lahf_lm abm epb tpr_shadow vnmi flexpriority ept vpid fsgsbase tsc_adjust bmi1 avx2 smep bmi2 erms invpcid xsaveopt dtherm ida arat pln pts
bugs		:
bogomips	: 3990.98
clflush size	: 64
cache_alignment	: 64
address sizes	: 39 bits physical, 48 bits virtual
power management:

processor	: 4
vendor_id	: GenuineIntel
cpu family	: 6
model		: 70
model name	: Intel(R) Core(TM) i7-4750HQ CPU @ 2.00GHz
stepping	: 1
microcode	: 0xa
cpu MHz		: 2348.999
cache size	: 6144 KB
physical id	: 0
siblings	: 8
core id		: 0
cpu cores	: 4
apicid		: 1
initial apicid	: 1
fpu		: yes
fpu_exception	: yes
cpuid level	: 13
wp		: yes
flags		: fpu vme de pse tsc msr pae mce cx8 apic sep mtrr pge mca cmov pat pse36 clflush dts acpi mmx fxsr sse sse2 ss ht tm pbe syscall nx pdpe1gb rdtscp lm constant_tsc arch_perfmon pebs bts rep_good nopl xtopology nonstop_tsc aperfmperf pni pclmulqdq dtes64 monitor ds_cpl vmx est tm2 ssse3 sdbg fma cx16 xtpr pdcm pcid sse4_1 sse4_2 x2apic movbe popcnt tsc_deadline_timer aes xsave avx f16c rdrand lahf_lm abm epb tpr_shadow vnmi flexpriority ept vpid fsgsbase tsc_adjust bmi1 avx2 smep bmi2 erms invpcid xsaveopt dtherm ida arat pln pts
bugs		:
bogomips	: 3990.98
clflush size	: 64
cache_alignment	: 64
address sizes	: 39 bits physical, 48 bits virtual
power management:

processor	: 5
vendor_id	: GenuineIntel
cpu family	: 6
model		: 70
model name	: Intel(R) Core(TM) i7-4750HQ CPU @ 2.00GHz
stepping	: 1
microcode	: 0xa
cpu MHz		: 2370.117
cache size	: 6144 KB
physical id	: 0
siblings	: 8
core id		: 1
cpu cores	: 4
apicid		: 3
initial apicid	: 3
fpu		: yes
fpu_exception	: yes
cpuid level	: 13
wp		: yes
flags		: fpu vme de pse tsc msr pae mce cx8 apic sep mtrr pge mca cmov pat pse36 clflush dts acpi mmx fxsr sse sse2 ss ht tm pbe syscall nx pdpe1gb rdtscp lm constant_tsc arch_perfmon pebs bts rep_good nopl xtopology nonstop_tsc aperfmperf pni pclmulqdq dtes64 monitor ds_cpl vmx est tm2 ssse3 sdbg fma cx16 xtpr pdcm pcid sse4_1 sse4_2 x2apic movbe popcnt tsc_deadline_timer aes xsave avx f16c rdrand lahf_lm abm epb tpr_shadow vnmi flexpriority ept vpid fsgsbase tsc_adjust bmi1 avx2 smep bmi2 erms invpcid xsaveopt dtherm ida arat pln pts
bugs		:
bogomips	: 3990.98
clflush size	: 64
cache_alignment	: 64
address sizes	: 39 bits physical, 48 bits virtual
power management:

processor	: 6
vendor_id	: GenuineIntel
cpu family	: 6
model		: 70
model name	: Intel(R) Core(TM) i7-4750HQ CPU @ 2.00GHz
stepping	: 1
microcode	: 0xa
cpu MHz		: 2368.164
cache size	: 6144 KB
physical id	: 0
siblings	: 8
core id		: 2
cpu cores	: 4
apicid		: 5
initial apicid	: 5
fpu		: yes
fpu_exception	: yes
cpuid level	: 13
wp		: yes
flags		: fpu vme de pse tsc msr pae mce cx8 apic sep mtrr pge mca cmov pat pse36 clflush dts acpi mmx fxsr sse sse2 ss ht tm pbe syscall nx pdpe1gb rdtscp lm constant_tsc arch_perfmon pebs bts rep_good nopl xtopology nonstop_tsc aperfmperf pni pclmulqdq dtes64 monitor ds_cpl vmx est tm2 ssse3 sdbg fma cx16 xtpr pdcm pcid sse4_1 sse4_2 x2apic movbe popcnt tsc_deadline_timer aes xsave avx f16c rdrand lahf_lm abm epb tpr_shadow vnmi flexpriority ept vpid fsgsbase tsc_adjust bmi1 avx2 smep bmi2 erms invpcid xsaveopt dtherm ida arat pln pts
bugs		:
bogomips	: 3990.98
clflush size	: 64
cache_alignment	: 64
address sizes	: 39 bits physical, 48 bits virtual
power management:

processor	: 7
vendor_id	: GenuineIntel
cpu family	: 6
model		: 70
model name	: Intel(R) Core(TM) i7-4750HQ CPU @ 2.00GHz
stepping	: 1
microcode	: 0xa
cpu MHz		: 2185.180
cache size	: 6144 KB
physical id	: 0
siblings	: 8
core id		: 3
cpu cores	: 4
apicid		: 7
initial apicid	: 7
fpu		: yes
fpu_exception	: yes
cpuid level	: 13
wp		: yes
flags		: fpu vme de pse tsc msr pae mce cx8 apic sep mtrr pge mca cmov pat pse36 clflush dts acpi mmx fxsr sse sse2 ss ht tm pbe syscall nx pdpe1gb rdtscp lm constant_tsc arch_perfmon pebs bts rep_good nopl xtopology nonstop_tsc aperfmperf pni pclmulqdq dtes64 monitor ds_cpl vmx est tm2 ssse3 sdbg fma cx16 xtpr pdcm pcid sse4_1 sse4_2 x2apic movbe popcnt tsc_deadline_timer aes xsave avx f16c rdrand lahf_lm abm epb tpr_shadow vnmi flexpriority ept vpid fsgsbase tsc_adjust bmi1 avx2 smep bmi2 erms invpcid xsaveopt dtherm ida arat pln pts
bugs		:
bogomips	: 3990.98
clflush size	: 64
cache_alignment	: 64
address sizes	: 39 bits physical, 48 bits virtual
power management:



Memory: 4k page, physical 8094336k(121832k free), swap 4194300k(132304k free)

vm_info: Java HotSpot(TM) 64-Bit Server VM (25.5-b02) for linux-amd64 JRE (1.8.0_05-b13), built on Mar 18 2014 00:29:27 by "java_re" with gcc 4.3.0 20080428 (Red Hat 4.3.0-8)

time: Mon Aug  7 00:10:24 2017
elapsed time: 0 seconds

